<?xml version="1.0" encoding="UTF-8"?>
<!-- Generated by org.testng.reporters.JUnitXMLReporter -->
<testsuite hostname="LAPTOP-K6CCE1GJ" ignored="0" name="Test" tests="6" failures="0" timestamp="05 Nov 2020 17:12:03 GMT" time="48.278" errors="0">
  <testcase name="verifyHomePageLoadsSuccessfully" time="4.335" classname="tdd.SeleniumTests"/>
  <testcase name="verifyFounderIsVisible" time="6.75" classname="tdd.SeleniumTests"/>
  <testcase name="printNumbers" time="0.005" classname="tdd.PrintNumbers"/>
  <testcase name="unitTestIndexex" time="0.001" classname="tdd.PrintNumbers"/>
  <testcase name="calculateAreaOfTriangleUsingScannerClass" time="13.639" classname="tdd.AngleOfTriangle"/>
  <testcase name="calculateAreaOfTriangle" time="0.001" classname="tdd.AngleOfTriangle"/>
</testsuite> <!-- Test -->
