<?xml version="1.0" encoding="UTF-8"?>
<testng-results skipped="0" failed="0" ignored="0" total="6" passed="6">
  <reporter-output>
  </reporter-output>
  <suite name="Suite" duration-ms="48278" started-at="2020-11-05T17:11:15Z" finished-at="2020-11-05T17:12:03Z">
    <groups>
    </groups>
    <test name="Test" duration-ms="48278" started-at="2020-11-05T17:11:15Z" finished-at="2020-11-05T17:12:03Z">
      <class name="tdd.PrintNumbers">
        <test-method status="PASS" signature="printNumbers()[pri:1, instance:tdd.PrintNumbers@39aeed2f]" name="printNumbers" duration-ms="5" started-at="2020-11-05T17:11:50Z" finished-at="2020-11-05T17:11:50Z">
          <reporter-output>
          </reporter-output>
        </test-method> <!-- printNumbers -->
        <test-method status="PASS" signature="unitTestIndexex()[pri:2, instance:tdd.PrintNumbers@39aeed2f]" name="unitTestIndexex" duration-ms="1" started-at="2020-11-05T17:11:50Z" finished-at="2020-11-05T17:11:50Z">
          <reporter-output>
          </reporter-output>
        </test-method> <!-- unitTestIndexex -->
      </class> <!-- tdd.PrintNumbers -->
      <class name="tdd.SeleniumTests">
        <test-method status="PASS" signature="startSession()[pri:0, instance:tdd.SeleniumTests@5c7fa833]" name="startSession" is-config="true" duration-ms="11596" started-at="2020-11-05T17:11:15Z" finished-at="2020-11-05T17:11:27Z">
          <reporter-output>
          </reporter-output>
        </test-method> <!-- startSession -->
        <test-method status="PASS" signature="verifyHomePageLoadsSuccessfully()[pri:0, instance:tdd.SeleniumTests@5c7fa833]" name="verifyHomePageLoadsSuccessfully" duration-ms="4335" started-at="2020-11-05T17:11:27Z" finished-at="2020-11-05T17:11:31Z">
          <reporter-output>
          </reporter-output>
        </test-method> <!-- verifyHomePageLoadsSuccessfully -->
        <test-method status="PASS" signature="endSession(org.testng.ITestResult)[pri:0, instance:tdd.SeleniumTests@5c7fa833]" name="endSession" is-config="true" duration-ms="762" started-at="2020-11-05T17:11:31Z" finished-at="2020-11-05T17:11:32Z">
          <params>
            <param index="0">
              <value>
                <![CDATA[[TestResult name=verifyHomePageLoadsSuccessfully status=SUCCESS method=SeleniumTests.verifyHomePageLoadsSuccessfully()[pri:0, instance:tdd.SeleniumTests@5c7fa833] output={null}]]]>
              </value>
            </param>
          </params>
          <reporter-output>
          </reporter-output>
        </test-method> <!-- endSession -->
        <test-method status="PASS" signature="startSession()[pri:0, instance:tdd.SeleniumTests@5c7fa833]" name="startSession" is-config="true" duration-ms="10607" started-at="2020-11-05T17:11:32Z" finished-at="2020-11-05T17:11:42Z">
          <reporter-output>
          </reporter-output>
        </test-method> <!-- startSession -->
        <test-method status="PASS" signature="verifyFounderIsVisible()[pri:0, instance:tdd.SeleniumTests@5c7fa833]" name="verifyFounderIsVisible" duration-ms="6750" started-at="2020-11-05T17:11:42Z" depends-on-methods="tdd.SeleniumTests.verifyHomePageLoadsSuccessfully" finished-at="2020-11-05T17:11:49Z">
          <reporter-output>
          </reporter-output>
        </test-method> <!-- verifyFounderIsVisible -->
        <test-method status="PASS" signature="endSession(org.testng.ITestResult)[pri:0, instance:tdd.SeleniumTests@5c7fa833]" name="endSession" is-config="true" duration-ms="546" started-at="2020-11-05T17:11:49Z" finished-at="2020-11-05T17:11:50Z">
          <params>
            <param index="0">
              <value>
                <![CDATA[[TestResult name=verifyFounderIsVisible status=SUCCESS method=SeleniumTests.verifyFounderIsVisible()[pri:0, instance:tdd.SeleniumTests@5c7fa833] output={null}]]]>
              </value>
            </param>
          </params>
          <reporter-output>
          </reporter-output>
        </test-method> <!-- endSession -->
      </class> <!-- tdd.SeleniumTests -->
      <class name="tdd.AngleOfTriangle">
        <test-method status="PASS" signature="calculateAreaOfTriangleUsingScannerClass()[pri:3, instance:tdd.AngleOfTriangle@457e2f02]" name="calculateAreaOfTriangleUsingScannerClass" duration-ms="13639" started-at="2020-11-05T17:11:50Z" finished-at="2020-11-05T17:12:03Z">
          <reporter-output>
          </reporter-output>
        </test-method> <!-- calculateAreaOfTriangleUsingScannerClass -->
        <test-method status="PASS" signature="calculateAreaOfTriangle()[pri:4, instance:tdd.AngleOfTriangle@457e2f02]" name="calculateAreaOfTriangle" duration-ms="1" started-at="2020-11-05T17:12:03Z" finished-at="2020-11-05T17:12:03Z">
          <reporter-output>
          </reporter-output>
        </test-method> <!-- calculateAreaOfTriangle -->
      </class> <!-- tdd.AngleOfTriangle -->
    </test> <!-- Test -->
  </suite> <!-- Suite -->
</testng-results>
