<?xml version="1.0" encoding="UTF-8"?>
<testng-results skipped="0" failed="0" ignored="0" total="2" passed="2">
  <reporter-output>
  </reporter-output>
  <suite name="Default suite" duration-ms="35515" started-at="2020-11-05T16:55:13Z" finished-at="2020-11-05T16:55:49Z">
    <groups>
    </groups>
    <test name="Default test" duration-ms="35515" started-at="2020-11-05T16:55:13Z" finished-at="2020-11-05T16:55:49Z">
      <class name="tdd.TestCases">
        <test-method status="PASS" signature="calculateAreaOfTriangleUsingScannerClass()[pri:3, instance:tdd.TestCases@2a2d45ba]" name="calculateAreaOfTriangleUsingScannerClass" duration-ms="35496" started-at="2020-11-05T16:55:13Z" finished-at="2020-11-05T16:55:49Z">
          <reporter-output>
          </reporter-output>
        </test-method> <!-- calculateAreaOfTriangleUsingScannerClass -->
        <test-method status="PASS" signature="calculateAreaOfTriangle()[pri:4, instance:tdd.TestCases@2a2d45ba]" name="calculateAreaOfTriangle" duration-ms="1" started-at="2020-11-05T16:55:49Z" finished-at="2020-11-05T16:55:49Z">
          <reporter-output>
          </reporter-output>
        </test-method> <!-- calculateAreaOfTriangle -->
      </class> <!-- tdd.TestCases -->
    </test> <!-- Default test -->
  </suite> <!-- Default suite -->
</testng-results>
